<?xml version="1.0" encoding="UTF-8"?>
<testsuite name="com.aor.numbers.ListDeduplicatorTest" tests="2" skipped="0" failures="0" errors="0" timestamp="2022-11-06T22:09:04" hostname="sereno-VivoBook-ASUSLaptop-X512DA-F512DA" time="0.032">
  <properties/>
  <testcase name="distinct_bug_8726()" classname="com.aor.numbers.ListDeduplicatorTest" time="0.029"/>
  <testcase name="deduplicate()" classname="com.aor.numbers.ListDeduplicatorTest" time="0.002"/>
  <system-out><![CDATA[]]></system-out>
  <system-err><![CDATA[]]></system-err>
</testsuite>
